<?xml version="1.0" encoding="UTF-8"?>
<!-- Generated by org.testng.reporters.JUnitReportReporter -->
<testsuite hostname="MSI" failures="0" tests="1" name="HTTPResponseHeader.ValidateResponseHeader" time="1.326" errors="0" timestamp="2024-03-22T16:59:28 IST" skipped="0">
  <testcase classname="HTTPResponseHeader.ValidateResponseHeader" name="GetSingleUser" time="1.326"/>
  <system-out/>
</testsuite> <!-- HTTPResponseHeader.ValidateResponseHeader -->
