<?xml version="1.0" encoding="UTF-8"?>
<!-- Generated by org.testng.reporters.JUnitReportReporter -->
<testsuite hostname="MSI" failures="0" tests="1" name="NestedJsonPojo.NestedJsonPayloadDemo" time="2.377" errors="0" timestamp="2024-03-23T18:28:51 IST" skipped="0">
  <testcase classname="NestedJsonPojo.NestedJsonPayloadDemo" name="createUser" time="2.377"/>
  <system-out/>
</testsuite> <!-- NestedJsonPojo.NestedJsonPayloadDemo -->
