<?xml version="1.0" encoding="UTF-8"?>
<!-- Generated by org.testng.reporters.JUnitReportReporter -->
<testsuite hostname="MSI" failures="0" tests="1" name="restAssuredBasics.Test_PatchMethod" time="2.001" errors="0" timestamp="2024-03-22T16:16:32 IST" skipped="0">
  <testcase classname="restAssuredBasics.Test_PatchMethod" name="putMethod" time="2.001"/>
  <system-out/>
</testsuite> <!-- restAssuredBasics.Test_PatchMethod -->
