<?xml version="1.0" encoding="UTF-8"?>
<!-- Generated by org.testng.reporters.JUnitReportReporter -->
<testsuite hostname="MSI" failures="0" tests="2" name="Authorization.AuthorizationBasicAndDigest" time="3.854" errors="0" timestamp="2024-03-22T20:04:45 IST" skipped="0">
  <testcase classname="Authorization.AuthorizationBasicAndDigest" name="DigestAuth" time="2.255"/>
  <system-out/>
  <testcase classname="Authorization.AuthorizationBasicAndDigest" name="basicAuth" time="1.599"/>
  <system-out/>
</testsuite> <!-- Authorization.AuthorizationBasicAndDigest -->
