<?xml version="1.0" encoding="UTF-8"?>
<!-- Generated by org.testng.reporters.JUnitReportReporter -->
<testsuite hostname="MSI" failures="0" tests="3" name="restAssuredBasics.FirstGetRequest" time="2.230" errors="0" timestamp="2024-03-22T15:38:38 IST" skipped="0">
  <testcase classname="restAssuredBasics.FirstGetRequest" name="testCase03" time="0.297"/>
  <system-out/>
  <testcase classname="restAssuredBasics.FirstGetRequest" name="testCase01" time="1.582"/>
  <system-out/>
  <testcase classname="restAssuredBasics.FirstGetRequest" name="testCase02" time="0.351"/>
  <system-out/>
</testsuite> <!-- restAssuredBasics.FirstGetRequest -->
