<?xml version="1.0" encoding="UTF-8"?>
<!-- Generated by org.testng.reporters.JUnitReportReporter -->
<testsuite hostname="MSI" failures="0" tests="1" name="PojoDemo.SerializationAndDeserialization" time="2.912" errors="0" timestamp="2024-03-23T16:38:24 IST" skipped="0">
  <testcase classname="PojoDemo.SerializationAndDeserialization" name="CreateJSONObjectFromClassObject" time="2.912"/>
  <system-out/>
</testsuite> <!-- PojoDemo.SerializationAndDeserialization -->
