<?xml version="1.0" encoding="UTF-8"?>
<!-- Generated by org.testng.reporters.JUnitReportReporter -->
<testsuite hostname="MSI" failures="0" tests="2" name="JSONArrayJsonObjList.JSONArrayDemo" time="2.727" errors="0" timestamp="2024-03-23T13:53:12 IST" skipped="0">
  <testcase classname="JSONArrayJsonObjList.JSONArrayDemo" name="createUserUsingList" time="0.482"/>
  <system-out/>
  <testcase classname="JSONArrayJsonObjList.JSONArrayDemo" name="createUserUsingJSONArray" time="2.245"/>
  <system-out/>
</testsuite> <!-- JSONArrayJsonObjList.JSONArrayDemo -->
