<?xml version="1.0" encoding="UTF-8"?>
<!-- Generated by org.testng.reporters.JUnitReportReporter -->
<testsuite hostname="MSI" failures="0" tests="1" name="Headers.AddheadersInRequest" time="1.409" errors="0" timestamp="2024-03-24T12:33:08 IST" skipped="0">
  <testcase classname="Headers.AddheadersInRequest" name="testMethod1" time="1.409"/>
  <system-out/>
</testsuite> <!-- Headers.AddheadersInRequest -->
