<?xml version="1.0" encoding="UTF-8"?>
<!-- Generated by org.testng.reporters.JUnitReportReporter -->
<testsuite hostname="MSI" failures="0" tests="1" name="SchemaVlidation.DemoJsonSchemaValidation" time="4.010" errors="0" timestamp="2024-03-24T13:28:57 IST" skipped="0">
  <testcase classname="SchemaVlidation.DemoJsonSchemaValidation" name="schemaValidation" time="4.010"/>
  <system-out/>
</testsuite> <!-- SchemaVlidation.DemoJsonSchemaValidation -->
