<?xml version="1.0" encoding="UTF-8"?>
<!-- Generated by org.testng.reporters.JUnitReportReporter -->
<testsuite hostname="MSI" failures="0" tests="1" name="JsonIncludeAnnotation.JsonInludeDemo" time="1.714" errors="0" timestamp="2024-03-28T10:14:34 IST" skipped="0">
  <testcase classname="JsonIncludeAnnotation.JsonInludeDemo" name="testMethod1" time="1.714"/>
  <system-out/>
</testsuite> <!-- JsonIncludeAnnotation.JsonInludeDemo -->
