<?xml version="1.0" encoding="UTF-8"?>
<!-- Generated by org.testng.reporters.JUnitReportReporter -->
<testsuite hostname="MSI" failures="0" tests="2" name="JSONObjectUsingMap.JSONObjectUsingMapDemo" time="2.321" errors="0" timestamp="2024-03-23T12:33:44 IST" skipped="1">
  <testcase classname="JSONObjectUsingMap.JSONObjectUsingMapDemo" name="creatUser" time="2.321"/>
  <system-out/>
  <testcase classname="JSONObjectUsingMap.JSONObjectUsingMapDemo" name="creatAuthToke">
    <skipped/>
  </testcase> <!-- creatAuthToke -->
  <system-out/>
</testsuite> <!-- JSONObjectUsingMap.JSONObjectUsingMapDemo -->
