<?xml version="1.0" encoding="UTF-8"?>
<!-- Generated by org.testng.reporters.JUnitReportReporter -->
<testsuite hostname="MSI" failures="0" tests="1" name="SerializationAndDeserialization.JSONObjectUsingJacksonAPI" time="2.543" errors="0" timestamp="2024-03-23T15:13:51 IST" skipped="0">
  <testcase classname="SerializationAndDeserialization.JSONObjectUsingJacksonAPI" name="createUser" time="2.543"/>
  <system-out/>
</testsuite> <!-- SerializationAndDeserialization.JSONObjectUsingJacksonAPI -->
