<?xml version="1.0" encoding="UTF-8"?>
<!-- Generated by org.testng.reporters.JUnitReportReporter -->
<testsuite hostname="MSI" failures="0" tests="1" name="ValidateQueryParam.QueryParameter" time="2.300" errors="0" timestamp="2024-03-22T17:44:09 IST" skipped="0">
  <testcase classname="ValidateQueryParam.QueryParameter" name="filterData" time="2.300"/>
  <system-out/>
</testsuite> <!-- ValidateQueryParam.QueryParameter -->
