<?xml version="1.0" encoding="UTF-8"?>
<!-- Generated by org.testng.reporters.JUnitReportReporter -->
<testsuite hostname="MSI" failures="0" tests="1" name="restAssuredBasics.Test_DeleteMethod" time="1.759" errors="0" timestamp="2024-03-22T16:19:28 IST" skipped="0">
  <testcase classname="restAssuredBasics.Test_DeleteMethod" name="deleteMethod" time="1.759"/>
  <system-out/>
</testsuite> <!-- restAssuredBasics.Test_DeleteMethod -->
