<?xml version="1.0" encoding="UTF-8"?>
<!-- Generated by org.testng.reporters.JUnitReportReporter -->
<testsuite hostname="MSI" failures="0" tests="1" name="restAssuredBasics.Test_PostMethod" time="1.901" errors="0" timestamp="2024-03-22T16:05:01 IST" skipped="0">
  <testcase classname="restAssuredBasics.Test_PostMethod" name="test03" time="1.901"/>
  <system-out/>
</testsuite> <!-- restAssuredBasics.Test_PostMethod -->
