<?xml version="1.0" encoding="UTF-8"?>
<!-- Generated by org.testng.reporters.JUnitReportReporter -->
<testsuite hostname="MSI" failures="0" tests="1" name="FirstGetRequest" time="1.393" errors="0" timestamp="2024-03-21T19:57:08 IST" skipped="0">
  <testcase classname="FirstGetRequest" name="testCase01" time="1.393"/>
  <system-out/>
</testsuite> <!-- FirstGetRequest -->
