<?xml version="1.0" encoding="UTF-8"?>
<!-- Generated by org.testng.reporters.JUnitReportReporter -->
<testsuite hostname="MSI" failures="0" tests="1" name="JsonIgnore.JsonIgnoreDemo" time="2.186" errors="0" timestamp="2024-03-23T21:21:02 IST" skipped="0">
  <testcase classname="JsonIgnore.JsonIgnoreDemo" name="testMethod1" time="2.186"/>
  <system-out/>
</testsuite> <!-- JsonIgnore.JsonIgnoreDemo -->
