<?xml version="1.0" encoding="UTF-8"?>
<!-- Generated by org.testng.reporters.JUnitReportReporter -->
<testsuite hostname="MSI" failures="0" tests="1" name="HTTPResponseStatus.CheckForValidResponse" time="1.285" errors="0" timestamp="2024-03-22T16:39:45 IST" skipped="0">
  <testcase classname="HTTPResponseStatus.CheckForValidResponse" name="getSingleUser" time="1.285"/>
  <system-out/>
</testsuite> <!-- HTTPResponseStatus.CheckForValidResponse -->
