<?xml version="1.0" encoding="UTF-8"?>
<!-- Generated by org.testng.reporters.JUnitReportReporter -->
<testsuite hostname="MSI" failures="0" tests="1" name="SerializationAndDeserialization.DeserializationJsonDemo" time="2.180" errors="0" timestamp="2024-03-22T23:28:49 IST" skipped="0">
  <testcase classname="SerializationAndDeserialization.DeserializationJsonDemo" name="createUser" time="2.180"/>
  <system-out/>
</testsuite> <!-- SerializationAndDeserialization.DeserializationJsonDemo -->
