<?xml version="1.0" encoding="UTF-8"?>
<!-- Generated by org.testng.reporters.JUnitReportReporter -->
<testsuite hostname="MSI" failures="0" tests="2" name="XMLValidation.ValidateXMLResponse" time="4.836" errors="0" timestamp="2024-03-23T11:55:46 IST" skipped="0">
  <testcase classname="XMLValidation.ValidateXMLResponse" name="addPet" time="2.795"/>
  <system-out/>
  <testcase classname="XMLValidation.ValidateXMLResponse" name="addPetinXML" time="2.041"/>
  <system-out/>
</testsuite> <!-- XMLValidation.ValidateXMLResponse -->
