<?xml version="1.0" encoding="UTF-8"?>
<!-- Generated by org.testng.reporters.JUnitReportReporter -->
<testsuite hostname="MSI" failures="0" tests="1" name="QueryRequestSpec.QueryRequestSpecification" time="0.557" errors="0" timestamp="2024-03-23T11:08:48 IST" skipped="0">
  <testcase classname="QueryRequestSpec.QueryRequestSpecification" name="createUser" time="0.557"/>
  <system-out/>
</testsuite> <!-- QueryRequestSpec.QueryRequestSpecification -->
