<?xml version="1.0" encoding="UTF-8"?>
<!-- Generated by org.testng.reporters.JUnitReportReporter -->
<testsuite hostname="MSI" failures="0" tests="2" name="MockAPI.MockAPIClass" time="3.155" errors="0" timestamp="2024-03-24T12:05:06 IST" skipped="0">
  <testcase classname="MockAPI.MockAPIClass" name="test2ToConvertClassObjectFromJsonObject" time="1.058"/>
  <system-out/>
  <testcase classname="MockAPI.MockAPIClass" name="test1" time="2.097"/>
  <system-out/>
</testsuite> <!-- MockAPI.MockAPIClass -->
