<?xml version="1.0" encoding="UTF-8"?>
<!-- Generated by org.testng.reporters.JUnitReportReporter -->
<testsuite hostname="MSI" failures="0" tests="1" name="restAssuredBasics.Test_PutMethod" time="2.031" errors="0" timestamp="2024-03-22T16:13:46 IST" skipped="0">
  <testcase classname="restAssuredBasics.Test_PutMethod" name="putMethod" time="2.031"/>
  <system-out/>
</testsuite> <!-- restAssuredBasics.Test_PutMethod -->
