<?xml version="1.0" encoding="UTF-8"?>
<!-- Generated by org.testng.reporters.JUnitReportReporter -->
<testsuite hostname="MSI" failures="0" tests="1" name="NestedComplexJSON.NestedJsonObject" time="2.861" errors="0" timestamp="2024-03-23T19:33:20 IST" skipped="0">
  <testcase classname="NestedComplexJSON.NestedJsonObject" name="createUser" time="2.861"/>
  <system-out/>
</testsuite> <!-- NestedComplexJSON.NestedJsonObject -->
