<?xml version="1.0" encoding="UTF-8"?>
<!-- Generated by org.testng.reporters.JUnitReportReporter -->
<testsuite hostname="MSI" failures="0" tests="1" name="PojoDemo.JSONArrayPOJOClassDemo" time="2.765" errors="0" timestamp="2024-03-23T17:24:32 IST" skipped="0">
  <testcase classname="PojoDemo.JSONArrayPOJOClassDemo" name="createEmployeeJsonArray" time="2.765"/>
  <system-out/>
</testsuite> <!-- PojoDemo.JSONArrayPOJOClassDemo -->
