<?xml version="1.0" encoding="UTF-8"?>
<!-- Generated by org.testng.reporters.JUnitReportReporter -->
<testsuite hostname="MSI" failures="0" tests="1" name="IgnoreUnknownProperties.DemoIgnoreUnknownProp" time="0.176" errors="0" timestamp="2024-03-24T10:52:28 IST" skipped="0">
  <testcase classname="IgnoreUnknownProperties.DemoIgnoreUnknownProp" name="test1" time="0.176"/>
  <system-out/>
</testsuite> <!-- IgnoreUnknownProperties.DemoIgnoreUnknownProp -->
